# JRE version: Java(TM) SE Runtime Environment (8.0_201-b09) (build 1.8.0_201-b09)
# Java VM: Java HotSpot(TM) 64-Bit Server VM (25.201-b09 mixed mode windows-amd64 compressed oops)
Heap:
 PSYoungGen      total 72704K, used 34419K [0x00000000eb380000, 0x00000000f4380000, 0x0000000100000000)
  eden space 65536K, 52% used [0x00000000eb380000,0x00000000ed51cd18,0x00000000ef380000)
  from space 7168K, 0% used [0x00000000ef380000,0x00000000ef380000,0x00000000efa80000)
  to   space 8192K, 0% used [0x00000000f3b80000,0x00000000f3b80000,0x00000000f4380000)
 ParOldGen       total 39936K, used 10184K [0x00000000c1a00000, 0x00000000c4100000, 0x00000000eb380000)
  object space 39936K, 25% used [0x00000000c1a00000,0x00000000c23f2278,0x00000000c4100000)
 Metaspace       used 22367K, capacity 22822K, committed 22960K, reserved 1073152K
  class space    used 2644K, capacity 2748K, committed 2816K, reserved 1048576K
GC Heap History (10 events):
Event: 2.646 GC heap before
{Heap before GC invocations=4 (full 0):
 PSYoungGen      total 18944K, used 18928K [0x00000000eb380000, 0x00000000ed880000, 0x0000000100000000)
  eden space 16384K, 100% used [0x00000000eb380000,0x00000000ec380000,0x00000000ec380000)
  from space 2560K, 99% used [0x00000000ec380000,0x00000000ec5fc010,0x00000000ec600000)
  to   space 2560K, 0% used [0x00000000ed600000,0x00000000ed600000,0x00000000ed880000)
 ParOldGen       total 44032K, used 3788K [0x00000000c1a00000, 0x00000000c4500000, 0x00000000eb380000)
  object space 44032K, 8% used [0x00000000c1a00000,0x00000000c1db3040,0x00000000c4500000)
 Metaspace       used 12414K, capacity 12596K, committed 12928K, reserved 1060864K
  class space    used 1540K, capacity 1638K, committed 1664K, reserved 1048576K
Event: 2.654 GC heap after
Heap after GC invocations=4 (full 0):
 PSYoungGen      total 35328K, used 2528K [0x00000000eb380000, 0x00000000ed880000, 0x0000000100000000)
  eden space 32768K, 0% used [0x00000000eb380000,0x00000000eb380000,0x00000000ed380000)
  from space 2560K, 98% used [0x00000000ed600000,0x00000000ed878020,0x00000000ed880000)
  to   space 2560K, 0% used [0x00000000ed380000,0x00000000ed380000,0x00000000ed600000)
 ParOldGen       total 44032K, used 6400K [0x00000000c1a00000, 0x00000000c4500000, 0x00000000eb380000)
  object space 44032K, 14% used [0x00000000c1a00000,0x00000000c20402c0,0x00000000c4500000)
 Metaspace       used 12414K, capacity 12596K, committed 12928K, reserved 1060864K
  class space    used 1540K, capacity 1638K, committed 1664K, reserved 1048576K
}
Event: 3.914 GC heap before
{Heap before GC invocations=5 (full 0):
 PSYoungGen      total 35328K, used 35296K [0x00000000eb380000, 0x00000000ed880000, 0x0000000100000000)
  eden space 32768K, 100% used [0x00000000eb380000,0x00000000ed380000,0x00000000ed380000)
  from space 2560K, 98% used [0x00000000ed600000,0x00000000ed878020,0x00000000ed880000)
  to   space 2560K, 0% used [0x00000000ed380000,0x00000000ed380000,0x00000000ed600000)
 ParOldGen       total 44032K, used 6400K [0x00000000c1a00000, 0x00000000c4500000, 0x00000000eb380000)
  object space 44032K, 14% used [0x00000000c1a00000,0x00000000c20402c0,0x00000000c4500000)
 Metaspace       used 15423K, capacity 15700K, committed 15872K, reserved 1062912K
  class space    used 1860K, capacity 1976K, committed 2048K, reserved 1048576K
Event: 3.933 GC heap after
Heap after GC invocations=5 (full 0):
 PSYoungGen      total 35328K, used 2544K [0x00000000eb380000, 0x00000000f0280000, 0x0000000100000000)
  eden space 32768K, 0% used [0x00000000eb380000,0x00000000eb380000,0x00000000ed380000)
  from space 2560K, 99% used [0x00000000ed380000,0x00000000ed5fc010,0x00000000ed600000)
  to   space 7680K, 0% used [0x00000000efb00000,0x00000000efb00000,0x00000000f0280000)
 ParOldGen       total 44032K, used 10741K [0x00000000c1a00000, 0x00000000c4500000, 0x00000000eb380000)
  object space 44032K, 24% used [0x00000000c1a00000,0x00000000c247d6a8,0x00000000c4500000)
 Metaspace       used 15423K, capacity 15700K, committed 15872K, reserved 1062912K
  class space    used 1860K, capacity 1976K, committed 2048K, reserved 1048576K
}
Event: 4.961 GC heap before
{Heap before GC invocations=6 (full 0):
 PSYoungGen      total 35328K, used 35312K [0x00000000eb380000, 0x00000000f0280000, 0x0000000100000000)
  eden space 32768K, 100% used [0x00000000eb380000,0x00000000ed380000,0x00000000ed380000)
  from space 2560K, 99% used [0x00000000ed380000,0x00000000ed5fc010,0x00000000ed600000)
  to   space 7680K, 0% used [0x00000000efb00000,0x00000000efb00000,0x00000000f0280000)
 ParOldGen       total 44032K, used 10741K [0x00000000c1a00000, 0x00000000c4500000, 0x00000000eb380000)
  object space 44032K, 24% used [0x00000000c1a00000,0x00000000c247d6a8,0x00000000c4500000)
 Metaspace       used 16551K, capacity 16964K, committed 17280K, reserved 1064960K
  class space    used 1960K, capacity 2056K, committed 2176K, reserved 1048576K
Event: 4.979 GC heap after
Heap after GC invocations=6 (full 0):
 PSYoungGen      total 72192K, used 5023K [0x00000000eb380000, 0x00000000f0180000, 0x0000000100000000)
  eden space 65536K, 0% used [0x00000000eb380000,0x00000000eb380000,0x00000000ef380000)
  from space 6656K, 75% used [0x00000000efb00000,0x00000000effe7fd0,0x00000000f0180000)
  to   space 7168K, 0% used [0x00000000ef380000,0x00000000ef380000,0x00000000efa80000)
 ParOldGen       total 44032K, used 10749K [0x00000000c1a00000, 0x00000000c4500000, 0x00000000eb380000)
  object space 44032K, 24% used [0x00000000c1a00000,0x00000000c247f6a8,0x00000000c4500000)
 Metaspace       used 16551K, capacity 16964K, committed 17280K, reserved 1064960K
  class space    used 1960K, capacity 2056K, committed 2176K, reserved 1048576K
}
Event: 5.943 GC heap before
{Heap before GC invocations=7 (full 0):
 PSYoungGen      total 72192K, used 61376K [0x00000000eb380000, 0x00000000f0180000, 0x0000000100000000)
  eden space 65536K, 85% used [0x00000000eb380000,0x00000000eea88220,0x00000000ef380000)
  from space 6656K, 75% used [0x00000000efb00000,0x00000000effe7fd0,0x00000000f0180000)
  to   space 7168K, 0% used [0x00000000ef380000,0x00000000ef380000,0x00000000efa80000)
 ParOldGen       total 44032K, used 10749K [0x00000000c1a00000, 0x00000000c4500000, 0x00000000eb380000)
  object space 44032K, 24% used [0x00000000c1a00000,0x00000000c247f6a8,0x00000000c4500000)
 Metaspace       used 20716K, capacity 21128K, committed 21296K, reserved 1069056K
  class space    used 2503K, capacity 2616K, committed 2688K, reserved 1048576K
Event: 5.959 GC heap after
Heap after GC invocations=7 (full 0):
 PSYoungGen      total 72704K, used 6976K [0x00000000eb380000, 0x00000000f4380000, 0x0000000100000000)
  eden space 65536K, 0% used [0x00000000eb380000,0x00000000eb380000,0x00000000ef380000)
  from space 7168K, 97% used [0x00000000ef380000,0x00000000efa50120,0x00000000efa80000)
  to   space 8192K, 0% used [0x00000000f3b80000,0x00000000f3b80000,0x00000000f4380000)
 ParOldGen       total 44032K, used 11317K [0x00000000c1a00000, 0x00000000c4500000, 0x00000000eb380000)
  object space 44032K, 25% used [0x00000000c1a00000,0x00000000c250d6a8,0x00000000c4500000)
 Metaspace       used 20716K, capacity 21128K, committed 21296K, reserved 1069056K
  class space    used 2503K, capacity 2616K, committed 2688K, reserved 1048576K
}
Event: 5.959 GC heap before
{Heap before GC invocations=8 (full 1):
 PSYoungGen      total 72704K, used 6976K [0x00000000eb380000, 0x00000000f4380000, 0x0000000100000000)
  eden space 65536K, 0% used [0x00000000eb380000,0x00000000eb380000,0x00000000ef380000)
  from space 7168K, 97% used [0x00000000ef380000,0x00000000efa50120,0x00000000efa80000)
  to   space 8192K, 0% used [0x00000000f3b80000,0x00000000f3b80000,0x00000000f4380000)
 ParOldGen       total 44032K, used 11317K [0x00000000c1a00000, 0x00000000c4500000, 0x00000000eb380000)
  object space 44032K, 25% used [0x00000000c1a00000,0x00000000c250d6a8,0x00000000c4500000)
 Metaspace       used 20716K, capacity 21128K, committed 21296K, reserved 1069056K
  class space    used 2503K, capacity 2616K, committed 2688K, reserved 1048576K
Event: 6.041 GC heap after
Heap after GC invocations=8 (full 1):
 PSYoungGen      total 72704K, used 0K [0x00000000eb380000, 0x00000000f4380000, 0x0000000100000000)
  eden space 65536K, 0% used [0x00000000eb380000,0x00000000eb380000,0x00000000ef380000)
  from space 7168K, 0% used [0x00000000ef380000,0x00000000ef380000,0x00000000efa80000)
  to   space 8192K, 0% used [0x00000000f3b80000,0x00000000f3b80000,0x00000000f4380000)
 ParOldGen       total 39936K, used 10184K [0x00000000c1a00000, 0x00000000c4100000, 0x00000000eb380000)
  object space 39936K, 25% used [0x00000000c1a00000,0x00000000c23f2278,0x00000000c4100000)
 Metaspace       used 20716K, capacity 21128K, committed 21296K, reserved 1069056K
  class space    used 2503K, capacity 2616K, committed 2688K, reserved 1048576K
}

